Added Component: Designator=C1(Ceramic Cap)
Add component (AddParameter): Name = "Value"; Value = "0.33uF"; VariantName = "[No Variations]"
Added Component: Designator=C2(Ceramic Cap)
Add component (AddParameter): Name = "Value"; Value = "0.01uF"; VariantName = "[No Variations]"
Added Component: Designator=C3(ALCap.)
Add component (AddParameter): Name = "Value"; Value = "47uF"; VariantName = "[No Variations]"
Added Component: Designator=D1(Zener10)
Add component (AddParameter): Name = "Vd"; Value = "10V"; VariantName = "[No Variations]"
Added Component: Designator=F1(Fuse Base)
Add component (AddParameter): Name = "Value"; Value = "6A"; VariantName = "[No Variations]"
Added Component: Designator=J1(Terminal Block 3)
Added Component: Designator=J2(Terminal Block 2 Plugable)
Add component (AddParameter): Name = "MF"; Value = "Phoenix Contact"; VariantName = "[No Variations]"
Add component (AddParameter): Name = "PN"; Value = "1935161"; VariantName = "[No Variations]"
Add component (AddParameter): Name = "Supplier"; Value = "Digikey"; VariantName = "[No Variations]"
Add component (AddParameter): Name = "Supplier PN"; Value = "277-1667-ND"; VariantName = "[No Variations]"
Added Component: Designator=J3(Terminal Block 2 Plugable)
Add component (AddParameter): Name = "MF"; Value = "Phoenix Contact"; VariantName = "[No Variations]"
Add component (AddParameter): Name = "PN"; Value = "1935161"; VariantName = "[No Variations]"
Add component (AddParameter): Name = "Supplier"; Value = "Digikey"; VariantName = "[No Variations]"
Add component (AddParameter): Name = "Supplier PN"; Value = "277-1667-ND"; VariantName = "[No Variations]"
Added Component: Designator=J4(Terminal Block 2 Plugable)
Add component (AddParameter): Name = "MF"; Value = "Phoenix Contact"; VariantName = "[No Variations]"
Add component (AddParameter): Name = "PN"; Value = "1935161"; VariantName = "[No Variations]"
Add component (AddParameter): Name = "Supplier"; Value = "Digikey"; VariantName = "[No Variations]"
Add component (AddParameter): Name = "Supplier PN"; Value = "277-1667-ND"; VariantName = "[No Variations]"
Added Component: Designator=J5(Terminal Block 2 Plugable)
Add component (AddParameter): Name = "MF"; Value = "Phoenix Contact"; VariantName = "[No Variations]"
Add component (AddParameter): Name = "PN"; Value = "1935161"; VariantName = "[No Variations]"
Add component (AddParameter): Name = "Supplier"; Value = "Digikey"; VariantName = "[No Variations]"
Add component (AddParameter): Name = "Supplier PN"; Value = "277-1667-ND"; VariantName = "[No Variations]"
Added Component: Designator=J6(Terminal Block 2 Plugable)
Add component (AddParameter): Name = "MF"; Value = "Phoenix Contact"; VariantName = "[No Variations]"
Add component (AddParameter): Name = "PN"; Value = "1935161"; VariantName = "[No Variations]"
Add component (AddParameter): Name = "Supplier"; Value = "Digikey"; VariantName = "[No Variations]"
Add component (AddParameter): Name = "Supplier PN"; Value = "277-1667-ND"; VariantName = "[No Variations]"
Added Component: Designator=J7(Terminal Block 2 Plugable)
Add component (AddParameter): Name = "MF"; Value = "Phoenix Contact"; VariantName = "[No Variations]"
Add component (AddParameter): Name = "PN"; Value = "1935161"; VariantName = "[No Variations]"
Add component (AddParameter): Name = "Supplier"; Value = "Digikey"; VariantName = "[No Variations]"
Add component (AddParameter): Name = "Supplier PN"; Value = "277-1667-ND"; VariantName = "[No Variations]"
Added Component: Designator=J8(Headers 6-pins)
Added Component: Designator=Q1(IRF9540)
Add component (AddParameter): Name = "ComponentLink1Description"; Value = "link"; VariantName = "[No Variations]"
Add component (AddParameter): Name = "ComponentLink1URL"; Value = "https://makerselectronics.com/product/irf9540"; VariantName = "[No Variations]"
Add component (AddParameter): Name = "MF"; Value = ""; VariantName = "[No Variations]"
Add component (AddParameter): Name = "PN"; Value = "IRF9540N"; VariantName = "[No Variations]"
Add component (AddParameter): Name = "Supplier"; Value = "Makers"; VariantName = "[No Variations]"
Add component (AddParameter): Name = "Supplier PN"; Value = "14721190833f"; VariantName = "[No Variations]"
Added Component: Designator=R1(resistor)
Add component (AddParameter): Name = "Value"; Value = "30K"; VariantName = "[No Variations]"
Added Component: Designator=R2(resistor)
Add component (AddParameter): Name = "Value"; Value = "7.5K"; VariantName = "[No Variations]"
Added Component: Designator=R3(resistor)
Add component (AddParameter): Name = "Value"; Value = "100K"; VariantName = "[No Variations]"
Added Component: Designator=U1(LM7805)
Add component (AddParameter): Name = "ComponentLink1Description"; Value = "link"; VariantName = "[No Variations]"
Add component (AddParameter): Name = "ComponentLink1URL"; Value = "https://makerselectronics.com/product/regelator-7805"; VariantName = "[No Variations]"
Add component (AddParameter): Name = "PN"; Value = "LM7805"; VariantName = "[No Variations]"
Add component (AddParameter): Name = "Supplier"; Value = "Makers"; VariantName = "[No Variations]"
Added Pin To Net: NetName=+5V0 Pin=C2-2
Added Pin To Net: NetName=+5V0 Pin=J1-3
Added Pin To Net: NetName=+5V0 Pin=J6-2
Added Pin To Net: NetName=+5V0 Pin=J7-2
Added Pin To Net: NetName=+5V0 Pin=J8-4
Added Pin To Net: NetName=+5V0 Pin=U1-3
Added Net: Name=+5V0
Added Pin To Net: NetName=+12V0 Pin=C1-2
Added Pin To Net: NetName=+12V0 Pin=D1-2
Added Pin To Net: NetName=+12V0 Pin=J1-1
Added Pin To Net: NetName=+12V0 Pin=J2-2
Added Pin To Net: NetName=+12V0 Pin=J3-2
Added Pin To Net: NetName=+12V0 Pin=Q1-S
Added Pin To Net: NetName=+12V0 Pin=Q1-S
Added Pin To Net: NetName=+12V0 Pin=R1-2
Added Pin To Net: NetName=+12V0 Pin=U1-1
Added Net: Name=+12V0
Added Pin To Net: NetName=GND Pin=C1-1
Added Pin To Net: NetName=GND Pin=C2-1
Added Pin To Net: NetName=GND Pin=C3-2
Added Pin To Net: NetName=GND Pin=J1-2
Added Pin To Net: NetName=GND Pin=J2-1
Added Pin To Net: NetName=GND Pin=J3-1
Added Pin To Net: NetName=GND Pin=J4-2
Added Pin To Net: NetName=GND Pin=J6-1
Added Pin To Net: NetName=GND Pin=J7-1
Added Pin To Net: NetName=GND Pin=J8-2
Added Pin To Net: NetName=GND Pin=J8-5
Added Pin To Net: NetName=GND Pin=R2-1
Added Pin To Net: NetName=GND Pin=R3-1
Added Pin To Net: NetName=GND Pin=U1-2
Added Net: Name=GND
Added Pin To Net: NetName=NC Pin=J8-1
Added Net: Name=NC
Added Pin To Net: NetName=NetC3_1 Pin=C3-1
Added Pin To Net: NetName=NetC3_1 Pin=F1-1
Added Pin To Net: NetName=NetC3_1 Pin=J4-1
Added Net: Name=NetC3_1
Added Pin To Net: NetName=NetD1_1 Pin=D1-1
Added Pin To Net: NetName=NetD1_1 Pin=Q1-G
Added Pin To Net: NetName=NetD1_1 Pin=R3-2
Added Net: Name=NetD1_1
Added Pin To Net: NetName=NetF1_2 Pin=F1-2
Added Pin To Net: NetName=NetF1_2 Pin=J5-1
Added Net: Name=NetF1_2
Added Pin To Net: NetName=NetJ5_2 Pin=J5-2
Added Pin To Net: NetName=NetJ5_2 Pin=Q1-D
Added Net: Name=NetJ5_2
Added Pin To Net: NetName=Sensed_A Pin=J8-3
Added Net: Name=Sensed_A
Added Pin To Net: NetName=Sensed_V Pin=J8-6
Added Pin To Net: NetName=Sensed_V Pin=R1-1
Added Pin To Net: NetName=Sensed_V Pin=R2-2
Added Net: Name=Sensed_V
Added Class: Name=Power
Added Room: Name=Power
